Server running on port 3000
Error connecting to MongoDB: MongooseServerSelectionError: connect ETIMEDOUT 192.168.25.140:27017
    at _handleConnectionErrors (C:\Users\Gonzalo\Desktop\odonto-app\server\node_modules\mongoose\lib\connection.js:1169:11)
    at NativeConnection.openUri (C:\Users\Gonzalo\Desktop\odonto-app\server\node_modules\mongoose\lib\connection.js:1100:11) {
  errorLabelSet: Set(0) {},
  reason: TopologyDescription {
    type: 'Unknown',
    servers: Map(1) { '192.168.25.140:27017' => [ServerDescription] },
    stale: false,
    compatible: true,
    heartbeatFrequencyMS: 10000,
    localThresholdMS: 15,
    setName: null,
    maxElectionId: null,
    maxSetVersion: null,
    commonWireVersion: 0,
    logicalSessionTimeoutMinutes: null
  },
  code: undefined,
  cause: TopologyDescription {
    type: 'Unknown',
    servers: Map(1) { '192.168.25.140:27017' => [ServerDescription] },
    stale: false,
    compatible: true,
    heartbeatFrequencyMS: 10000,
    localThresholdMS: 15,
    setName: null,
    maxElectionId: null,
    maxSetVersion: null,
    commonWireVersion: 0,
    logicalSessionTimeoutMinutes: null
  }
}
